[2025-09-25T16:23:53.173105] Calling NLP with 0 reference images
[2025-09-25T16:24:02.957170] Calling NLP with 0 reference images
[2025-09-25T16:25:02.234511] Calling NLP with 1 reference images
  Ref 0: 0 chars, type=image/png, purpose=style
[2025-09-25T19:36:10.587349] Calling NLP with 1 reference images
  Ref 0: 0 chars, type=image/png, purpose=composition
[2025-09-25T19:37:11.958541] Calling NLP with 1 reference images
  Ref 0: 0 chars, type=image/png, purpose=composition
[2025-09-26T07:59:11.647311] Calling NLP with 0 reference images
[2025-09-26T08:07:12.428304] Calling NLP with 0 reference images
[2025-09-26T08:56:37.400398] Calling NLP with 0 reference images
[2025-09-26T08:58:30.091205] Calling NLP with 2 reference images
  Ref 0: 0 chars, type=image/png, purpose=composition
  Ref 1: 0 chars, type=image/png, purpose=color
[2025-09-26T10:32:58.452923] Calling NLP with 0 reference images
[2025-09-26T11:41:12.770825] Calling NLP with 3 reference images
  Ref 0: 0 chars, type=image/png, purpose=style
  Ref 1: 0 chars, type=image/png, purpose=style
  Ref 2: 0 chars, type=image/png, purpose=style
[2025-09-26T11:50:30.715475] Calling NLP with 3 reference images
  Ref 0: 0 chars, type=image/png, purpose=style
  Ref 1: 0 chars, type=image/png, purpose=style
  Ref 2: 0 chars, type=image/png, purpose=style
[2025-09-26T13:27:33.372470] Calling NLP with 0 reference images
[2025-09-26T13:27:40.638416] Calling NLP with 0 reference images
[2025-09-26T13:28:00.473663] Calling NLP with 0 reference images
[2025-09-26T13:28:08.695441] Calling NLP with 0 reference images
[2025-09-26T13:40:42.310598] Calling NLP with 0 reference images
[2025-09-26T13:41:53.398358] Calling NLP with 0 reference images
[2025-09-26T13:42:55.601600] Calling NLP with 0 reference images
[2025-09-26T13:44:59.277530] Calling NLP with 0 reference images
[2025-09-26T13:50:00.652085] Calling NLP with 0 reference images
[2025-09-26T13:50:21.898736] Calling NLP with 0 reference images
[2025-09-26T14:04:23.415282] Calling NLP with 0 reference images
[2025-09-26T14:09:30.406430] Calling NLP with 0 reference images
[2025-09-26T14:10:59.744803] Calling NLP with 0 reference images
[2025-09-26T14:48:51.057682] Calling NLP with 0 reference images
[2025-09-26T14:49:31.519639] Calling NLP with 0 reference images
[2025-09-26T14:52:58.981150] Calling NLP with 0 reference images
[2025-09-26T14:53:29.382644] Calling NLP with 0 reference images
[2025-09-26T14:57:47.487986] Calling NLP with 0 reference images
[2025-09-26T15:01:03.355346] Calling NLP with 0 reference images
[2025-09-26T15:01:42.770624] Calling NLP with 0 reference images
[2025-09-26T15:02:08.901923] Calling NLP with 0 reference images
[2025-09-29T09:22:34.450924] Calling NLP with 0 reference images
[2025-09-29T09:25:10.401179] Calling NLP with 0 reference images
[2025-09-29T10:23:46.379176] Calling NLP with 0 reference images
[2025-09-29T14:39:42.446721] Calling NLP with 0 reference images
[2025-09-29T14:41:54.913689] Calling NLP with 0 reference images
[2025-09-29T19:50:20.719826] Calling NLP with 1 reference images
  Ref 0: 0 chars, type=image/png, purpose=style
[2025-09-29T20:18:27.380724] Calling NLP with 0 reference images
[2025-09-29T20:19:23.852025] Calling NLP with 1 reference images
  Ref 0: 0 chars, type=image/png, purpose=style
[2025-09-29T20:32:01.074470] Calling NLP with 1 reference images
  Ref 0: 0 chars, type=image/png, purpose=style
[2025-09-29T20:35:07.363598] Calling NLP with 1 reference images
  Ref 0: 0 chars, type=image/png, purpose=style
[2025-09-29T21:12:00.335320] Calling NLP with 1 reference images
  Ref 0: 0 chars, type=image/png, purpose=style
[2025-09-29T21:59:07.746479] Calling NLP with 1 reference images
  Ref 0: 0 chars, type=image/png, purpose=style
[2025-09-29T22:23:21.621767] Calling NLP with 1 reference images
  Ref 0: 0 chars, type=image/png, purpose=style
[2025-09-29T22:23:56] ✅ Reference image path structure fixed - UID-based system working
[2025-09-30T08:26:44.478538] Calling NLP with 1 reference images
  Ref 0: 0 chars, type=image/png, purpose=style
[2025-09-30T08:27:50.198386] Calling NLP with 1 reference images
  Ref 0: 0 chars, type=image/png, purpose=style
[2025-09-30T08:35:26.388643] Calling NLP with 1 reference images
  Ref 0: 0 chars, type=image/png, purpose=style
[2025-09-30T08:35:32.208284] Calling NLP with 1 reference images
  Ref 0: 0 chars, type=image/png, purpose=style
[2025-09-30T08:35:36.643362] Calling NLP with 1 reference images
  Ref 0: 0 chars, type=image/png, purpose=style
[2025-09-30T08:37:19.506502] Calling NLP with 1 reference images
  Ref 0: 0 chars, type=image/png, purpose=style
[2025-09-30T08:37:24.256561] Calling NLP with 1 reference images
  Ref 0: 0 chars, type=image/png, purpose=style
[2025-09-30T08:37:29.224944] Calling NLP with 1 reference images
  Ref 0: 0 chars, type=image/png, purpose=style
[2025-09-30T08:38:27.762989] Calling NLP with 1 reference images
  Ref 0: 0 chars, type=image/png, purpose=style
[2025-09-30T08:38:32.562039] Calling NLP with 1 reference images
  Ref 0: 0 chars, type=image/png, purpose=style
[2025-09-30T08:38:37.745949] Calling NLP with 1 reference images
  Ref 0: 0 chars, type=image/png, purpose=style
[2025-09-30T08:40:03.357593] Calling NLP with 1 reference images
  Ref 0: 0 chars, type=image/png, purpose=style
[2025-09-30T08:40:08.568365] Calling NLP with 1 reference images
  Ref 0: 0 chars, type=image/png, purpose=style
[2025-09-30T08:40:14.737821] Calling NLP with 1 reference images
  Ref 0: 0 chars, type=image/png, purpose=style
[2025-09-30T08:48:36.579119] Calling NLP with 1 reference images
  Ref 0: 0 chars, type=image/png, purpose=style
[2025-09-30T08:48:42.068644] Calling NLP with 1 reference images
  Ref 0: 0 chars, type=image/png, purpose=style
[2025-09-30T08:49:11.171416] Calling NLP with 1 reference images
  Ref 0: 0 chars, type=image/png, purpose=style
[2025-09-30T08:50:16.926617] Calling NLP with 1 reference images
  Ref 0: 0 chars, type=image/png, purpose=style
[2025-09-30T08:50:22.798164] Calling NLP with 1 reference images
  Ref 0: 0 chars, type=image/png, purpose=style
[2025-09-30T08:50:31.299946] Calling NLP with 1 reference images
  Ref 0: 0 chars, type=image/png, purpose=style
[2025-09-30T08:50:47.985888] Calling NLP with 1 reference images
  Ref 0: 0 chars, type=image/png, purpose=style
[2025-09-30T08:50:53.569231] Calling NLP with 1 reference images
  Ref 0: 0 chars, type=image/png, purpose=style
[2025-09-30T08:55:37.645052] Calling NLP with 1 reference images
  Ref 0: 0 chars, type=image/png, purpose=style
[2025-09-30T08:56:25.963809] Calling NLP with 1 reference images
  Ref 0: 0 chars, type=image/png, purpose=style
[2025-09-30T08:58:05.722481] Calling NLP with 1 reference images
  Ref 0: 0 chars, type=image/png, purpose=style
[2025-09-30T08:58:53.158854] Calling NLP with 1 reference images
  Ref 0: 0 chars, type=image/png, purpose=style
[2025-09-30T08:59:35.980153] Calling NLP with 1 reference images
  Ref 0: 0 chars, type=image/png, purpose=style
[2025-09-30T09:04:20.659214] Calling NLP with 1 reference images
  Ref 0: 0 chars, type=image/png, purpose=style
[2025-09-30T09:05:30.561714] Calling NLP with 0 reference images
[2025-09-30T09:13:13.070272] Calling NLP with 0 reference images
[2025-09-30T09:14:14.218381] Calling NLP with 1 reference images
  Ref 0: 0 chars, type=image/png, purpose=style
[2025-09-30T09:22:40.228258] Calling NLP with 1 reference images
  Ref 0: 0 chars, type=image/png, purpose=style
[2025-09-30T09:25:36.700785] Calling NLP with 1 reference images
  Ref 0: 0 chars, type=image/png, purpose=style
[2025-09-30T09:31:31.368562] Calling NLP with 1 reference images
  Ref 0: 0 chars, type=image/png, purpose=None
[2025-09-30T09:36:42.770140] Calling NLP with 1 reference images
  Ref 0: 0 chars, type=image/png, purpose=None
[2025-09-30T09:40:31.219927] Calling NLP with 0 reference images
[2025-09-30T09:41:41.936093] Calling NLP with 1 reference images
  Ref 0: 0 chars, type=image/png, purpose=None
[2025-09-30T09:46:44.455955] Calling NLP with 1 reference images
  Ref 0: 0 chars, type=image/png, purpose=None
[2025-09-30T09:50:54.956108] Calling NLP with 1 reference images
  Ref 0: 0 chars, type=image/png, purpose=None
[2025-09-30T09:54:09.433345] Calling NLP with 0 reference images
[2025-09-30T13:58:54.280598] Calling NLP with 0 reference images
[2025-09-30T15:46:17.779360] Calling NLP with 0 reference images
[2025-09-30T15:50:23.998942] Calling NLP with 0 reference images
[2025-09-30T18:02:24.360949] Calling NLP with 0 reference images
[2025-09-30T18:03:00.468457] Calling NLP with 0 reference images
[2025-09-30T18:03:27.918520] Calling NLP with 0 reference images
[2025-09-30T20:26:04.946623] Calling NLP with 0 reference images
[2025-09-30T20:33:22.383549] Calling NLP with 0 reference images
[2025-09-30T20:38:45.238469] Calling NLP with 0 reference images
[2025-09-30T20:43:48.120045] Calling NLP with 0 reference images
[2025-09-30T20:48:40.212235] Calling NLP with 0 reference images
[2025-09-30T21:00:44.228451] Calling NLP with 0 reference images
[2025-09-30T21:04:50.917884] Calling NLP with 0 reference images
[2025-09-30T21:08:51.953360] Calling NLP with 0 reference images
[2025-09-30T21:17:23.872396] Calling NLP with 0 reference images
[2025-09-30T23:33:36.137414] Calling NLP with 0 reference images
[2025-09-30T23:35:21.311390] Calling NLP with 0 reference images
[2025-09-30T23:43:25.450183] Calling NLP with 0 reference images
[2025-09-30T23:47:22.459892] Calling NLP with 0 reference images
[2025-09-30T23:53:24.828197] Calling NLP with 0 reference images
[2025-10-01T08:25:34.391831] Calling NLP with 0 reference images
[2025-10-01T08:37:12.020130] Calling NLP with 1 reference images
  Ref 0: 1031848 chars, type=image/png, purpose=None
[2025-10-01T08:41:06.592490] Calling NLP with 0 reference images
[2025-10-01T15:57:20.193980] Calling NLP with 0 reference images
[2025-10-01T16:03:56.599693] Calling NLP with 0 reference images
[2025-10-01T16:05:22.664731] Calling NLP with 0 reference images
[2025-10-01T16:07:10.551404] Calling NLP with 0 reference images
[2025-10-01T16:13:19.765448] Calling NLP with 0 reference images
[2025-10-01T16:16:23.596591] Calling NLP with 0 reference images
[2025-10-01T16:17:27.888980] Calling NLP with 0 reference images
[2025-10-01T16:20:37.032387] Calling NLP with 0 reference images
[2025-10-01T16:24:07.180458] Calling NLP with 0 reference images
[2025-10-01T16:25:50.485126] Calling NLP with 0 reference images
[2025-10-01T16:30:25.061707] Calling NLP with 0 reference images
[2025-10-01T16:31:52.665636] Calling NLP with 0 reference images
[2025-10-01T16:32:18.171123] Calling NLP with 0 reference images
[2025-10-01T16:32:38.578769] Calling NLP with 0 reference images
[2025-10-01T16:42:17.477443] Calling NLP with 0 reference images
[2025-10-01T16:42:41.741392] Calling NLP with 0 reference images
[2025-10-01T16:42:55.050072] Calling NLP with 0 reference images
[2025-10-01T16:43:10.466631] Calling NLP with 0 reference images
[2025-10-01T16:44:52.336912] Calling NLP with 0 reference images
[2025-10-01T16:45:13.344146] Calling NLP with 0 reference images
[2025-10-01T16:45:28.665946] Calling NLP with 0 reference images
[2025-10-01T16:47:18.054549] Calling NLP with 0 reference images
[2025-10-01T16:47:42.069729] Calling NLP with 0 reference images
[2025-10-01T16:47:55.152638] Calling NLP with 0 reference images
[2025-10-01T16:48:23.672234] Calling NLP with 0 reference images
[2025-10-01T16:50:48.539236] Calling NLP with 0 reference images
[2025-10-01T16:51:14.415692] Calling NLP with 0 reference images
[2025-10-01T16:51:29.362904] Calling NLP with 0 reference images
[2025-10-01T20:25:16.662997] Calling NLP with 0 reference images
[2025-10-01T20:44:04.333571] Calling NLP with 0 reference images
[2025-10-01T23:38:06.898458] Calling NLP with 0 reference images
[2025-10-01T23:39:59.222039] Calling NLP with 0 reference images
[2025-10-01T23:45:06.141477] Calling NLP with 0 reference images
[2025-10-01T23:52:44.816669] Calling NLP with 0 reference images
[2025-10-02T00:00:56.444680] Calling NLP with 0 reference images
[2025-10-02T00:04:12.545595] Calling NLP with 0 reference images
[2025-10-02T00:06:21.140292] Calling NLP with 0 reference images
[2025-10-02T00:09:22.493238] Calling NLP with 0 reference images
[2025-10-02T00:11:36.198780] Calling NLP with 0 reference images
[2025-10-02T00:13:49.165781] Calling NLP with 0 reference images
[2025-10-02T00:21:41.343533] Calling NLP with 0 reference images
[2025-10-02T00:30:39.829910] Calling NLP with 0 reference images
[2025-10-02T08:20:04.882741] Calling NLP with 1 reference images
  Ref 0: 1031848 chars, type=image/png, purpose=None
[2025-10-02T15:05:47.709809] Calling NLP with 0 reference images
[2025-10-02T15:42:23.841197] Calling NLP with 1 reference images
  Ref 0: 197252 chars, type=image/png, purpose=None
[2025-10-02T16:16:57.605008] Calling NLP with 0 reference images
[2025-10-02T16:53:45.500415] Calling NLP with 0 reference images
[2025-10-02T20:09:31.797641] Calling NLP with 0 reference images
[2025-10-02T20:18:14.251346] Calling NLP with 0 reference images
[2025-10-02T20:20:33.466032] Calling NLP with 0 reference images
[2025-10-02T20:27:58.098178] Calling NLP with 0 reference images
